\BOOKMARK [1][-]{section.1}{\376\377\000I\000n\000t\000r\000o\000d\000u\000c\000t\000i\000o\000n}{}% 1
\BOOKMARK [2][-]{subsection.1.1}{\376\377\000M\000a\000t\000r\000i\000x\000\040\000A\000l\000g\000e\000b\000r\000a\000i\000c\000\040\000B\000a\000c\000k\000g\000r\000o\000u\000n\000d}{section.1}% 2
\BOOKMARK [1][-]{section.2}{\376\377\000F\000u\000n\000c\000t\000i\000o\000n\000a\000l\000\040\000P\000r\000i\000n\000c\000i\000p\000a\000l\000\040\000C\000o\000m\000p\000o\000n\000e\000n\000t\000s\000\040\000A\000n\000a\000l\000y\000s\000i\000s}{}% 3
\BOOKMARK [2][-]{subsection.2.1}{\376\377\000B\000a\000y\000e\000s\000i\000a\000n\000\040\000M\000o\000d\000e\000l\000\040\000C\000o\000n\000s\000t\000r\000u\000c\000t\000i\000o\000n}{section.2}% 4
\BOOKMARK [1][-]{section.3}{\376\377\000V\000a\000r\000i\000a\000t\000i\000o\000n\000a\000l\000\040\000B\000a\000y\000e\000s\000i\000a\000n\000\040\000I\000n\000f\000e\000r\000e\000n\000c\000e}{}% 5
\BOOKMARK [2][-]{subsection.3.1}{\376\377\000V\000a\000r\000i\000a\000t\000i\000o\000n\000a\000l\000\040\000M\000e\000s\000s\000a\000g\000e\000\040\000P\000a\000s\000s\000i\000n\000g}{section.3}% 6
\BOOKMARK [2][-]{subsection.3.2}{\376\377\000F\000u\000n\000c\000t\000i\000o\000n\000a\000l\000\040\000P\000r\000i\000n\000c\000i\000p\000a\000l\000\040\000C\000o\000m\000p\000o\000n\000e\000n\000t\000\040\000G\000a\000u\000s\000s\000i\000a\000n\000\040\000L\000i\000k\000e\000l\000i\000h\000o\000o\000d\000\040\000F\000r\000a\000g\000m\000e\000n\000t}{section.3}% 7
\BOOKMARK [2][-]{subsection.3.3}{\376\377\000M\000u\000l\000t\000i\000p\000l\000e\000\040\000G\000a\000u\000s\000s\000i\000a\000n\000\040\000P\000e\000n\000a\000l\000i\000z\000a\000t\000i\000o\000n\000\040\000F\000r\000a\000g\000m\000e\000n\000t}{section.3}% 8
\BOOKMARK [1][-]{section.4}{\376\377\000M\000u\000l\000t\000i\000l\000e\000v\000e\000l\000\040\000E\000x\000t\000e\000n\000s\000i\000o\000n\000s}{}% 9
\BOOKMARK [2][-]{subsection.4.1}{\376\377\000V\000M\000P\000\040\000f\000o\000r\000\040\000M\000l\000F\000P\000C\000A}{section.4}% 10
\BOOKMARK [2][-]{subsection.4.2}{\376\377\000M\000u\000l\000t\000i\000l\000e\000v\000e\000l\000\040\000F\000u\000n\000c\000t\000i\000o\000n\000a\000l\000\040\000P\000r\000i\000n\000c\000i\000p\000a\000l\000\040\000C\000o\000m\000p\000o\000n\000e\000n\000t\000\040\000G\000a\000u\000s\000s\000i\000a\000n\000\040\000L\000i\000k\000e\000l\000i\000h\000o\000o\000d\000\040\000F\000r\000a\000g\000m\000e\000n\000t}{section.4}% 11
\BOOKMARK [2][-]{subsection.4.3}{\376\377\000M\000u\000l\000t\000i\000l\000e\000v\000e\000l\000\040\000G\000a\000u\000s\000s\000i\000a\000n\000\040\000P\000r\000i\000o\000r\000\040\000F\000r\000a\000g\000m\000e\000n\000t}{section.4}% 12
\BOOKMARK [1][-]{section.5}{\376\377\000P\000o\000s\000t\000-\000V\000M\000P\000\040\000S\000t\000e\000p\000s}{}% 13
\BOOKMARK [2][-]{subsection.5.1}{\376\377\000E\000s\000t\000a\000b\000l\000i\000s\000h\000i\000n\000g\000\040\000t\000h\000e\000\040\000O\000p\000t\000i\000m\000a\000l\000\040\000P\000o\000s\000t\000e\000r\000i\000o\000r\000\040\000D\000e\000n\000s\000i\000t\000y\000\040\000F\000u\000n\000c\000t\000i\000o\000n\000s}{section.5}% 14
\BOOKMARK [2][-]{subsection.5.2}{\376\377\000P\000o\000s\000t\000e\000r\000i\000o\000r\000\040\000E\000s\000t\000i\000m\000a\000t\000i\000o\000n\000\040\000o\000f\000\040\000t\000h\000e\000\040\000K\000a\000r\000h\000u\000n\000e\000n\000-\000L\000o\000\350\000v\000e\000\040\000D\000e\000c\000o\000m\000p\000o\000s\000i\000t\000i\000o\000n}{section.5}% 15
\BOOKMARK [2][-]{subsection.5.3}{\376\377\000M\000u\000l\000t\000i\000l\000e\000v\000e\000l\000\040\000O\000r\000t\000h\000o\000g\000o\000n\000a\000l\000\040\000D\000e\000c\000o\000m\000p\000o\000s\000i\000t\000i\000o\000n}{section.5}% 16
\BOOKMARK [1][-]{section.6}{\376\377\000S\000i\000m\000u\000l\000a\000t\000i\000o\000n\000s}{}% 17
\BOOKMARK [2][-]{subsection.6.1}{\376\377\000A\000c\000c\000u\000r\000a\000c\000y\000\040\000A\000s\000s\000e\000s\000s\000m\000e\000n\000t}{section.6}% 18
\BOOKMARK [2][-]{subsection.6.2}{\376\377\000C\000o\000m\000p\000u\000t\000a\000t\000i\000o\000n\000a\000l\000\040\000S\000p\000e\000e\000d\000\040\000C\000o\000m\000p\000a\000r\000i\000s\000o\000n\000s}{section.6}% 19
\BOOKMARK [1][-]{section.7}{\376\377\000A\000p\000p\000l\000i\000c\000a\000t\000i\000o\000n\000:\000\040\000U\000n\000i\000t\000e\000d\000\040\000S\000t\000a\000t\000e\000s\000\040\000T\000e\000m\000p\000e\000r\000a\000t\000u\000r\000e\000\040\000D\000a\000t\000a}{}% 20
\BOOKMARK [1][-]{section.8}{\376\377\000C\000l\000o\000s\000i\000n\000g\000\040\000R\000e\000m\000a\000r\000k\000s}{}% 21
\BOOKMARK [1][-]{section*.9}{\376\377\000F\000u\000n\000d\000i\000n\000g}{}% 22
\BOOKMARK [1][-]{section*.11}{\376\377\000S\000u\000p\000p\000l\000e\000m\000e\000n\000t\000a\000r\000y\000\040\000M\000a\000t\000e\000r\000i\000a\000l}{}% 23
\BOOKMARK [1][-]{section*.13}{\376\377\000R\000e\000f\000e\000r\000e\000n\000c\000e\000s}{}% 24
